#
# There is insufficient memory for the Java Runtime Environment to continue.
# Native memory allocation (malloc) failed to allocate 417488 bytes. Error detail: Chunk::new
# Possible reasons:
#   The system is out of physical RAM or swap space
#   This process is running with CompressedOops enabled, and the Java Heap may be blocking the growth of the native heap
# Possible solutions:
#   Reduce memory load on the system
#   Increase physical memory or swap space
#   Check if swap backing store is full
#   Decrease Java heap size (-Xmx/-Xms)
#   Decrease number of Java threads
#   Decrease Java thread stack sizes (-Xss)
#   Set larger code cache with -XX:ReservedCodeCacheSize=
#   JVM is running with Unscaled Compressed Oops mode in which the Java heap is
#     placed in the first 4GB address space. The Java Heap base address is the
#     maximum limit for the native heap growth. Please use -XX:HeapBaseMinAddress
#     to set the Java Heap base and to place the Java Heap above 4GB virtual address.
# This output file may be truncated or incomplete.
#
#  Out of Memory Error (arena.cpp:168), pid=25060, tid=25164
#
# JRE version: OpenJDK Runtime Environment Temurin-21.0.9+10 (21.0.9+10) (build 21.0.9+10-LTS)
# Java VM: OpenJDK 64-Bit Server VM Temurin-21.0.9+10 (21.0.9+10-LTS, mixed mode, sharing, tiered, compressed oops, compressed class ptrs, g1 gc, windows-amd64)
# No core dump will be written. Minidumps are not enabled by default on client versions of Windows
#

---------------  S U M M A R Y ------------

Command Line: -Dfile.encoding=UTF-8 -Dstdout.encoding=UTF-8 -Dstderr.encoding=UTF-8 -XX:+ShowCodeDetailsInExceptionMessages main.Main

Host: 12th Gen Intel(R) Core(TM) i3-1215U, 8 cores, 7G,  Windows 11 , 64 bit Build 26100 (10.0.26100.8246)
Time: Tue Apr 21 14:44:32 2026 Mountain Standard Time (Mexico) elapsed time: 11.145568 seconds (0d 0h 0m 11s)

---------------  T H R E A D  ---------------

Current thread (0x0000020b791cf010):  JavaThread "C2 CompilerThread0" daemon [_thread_in_native, id=25164, stack(0x000000adca600000,0x000000adca700000) (1024K)]


Current CompileTask:
C2:11145 1615 %     4       sun.java2d.marlin.Renderer::_endRendering @ 808 (2646 bytes)

Stack: [0x000000adca600000,0x000000adca700000]
Native frames: (J=compiled Java code, j=interpreted, Vv=VM code, C=native code)
V  [jvm.dll+0x6d6e29]
V  [jvm.dll+0x8b4b76]
V  [jvm.dll+0x8b712e]
V  [jvm.dll+0x8b7813]
V  [jvm.dll+0x283d86]
V  [jvm.dll+0xc66ed]
V  [jvm.dll+0xc6c31]
V  [jvm.dll+0x3be53b]
V  [jvm.dll+0x38ab92]
V  [jvm.dll+0x389fda]
V  [jvm.dll+0x24bfa0]
V  [jvm.dll+0x24b580]
V  [jvm.dll+0x1cb13e]
V  [jvm.dll+0x25b29d]
V  [jvm.dll+0x25982a]
V  [jvm.dll+0x3f7ea6]
V  [jvm.dll+0x85e9ad]
V  [jvm.dll+0x6d565d]
C  [ucrtbase.dll+0x37b0]
C  [KERNEL32.DLL+0x2e8d7]
C  [ntdll.dll+0x8c3fc]


---------------  P R O C E S S  ---------------

Threads class SMR info:
_java_thread_list=0x0000020b7f3bcf20, length=16, elements={
0x0000020b791b5650, 0x0000020b791ba0b0, 0x0000020b791bce70, 0x0000020b791bd8c0,
0x0000020b791c6320, 0x0000020b791ca270, 0x0000020b791cf010, 0x0000020b791d1b10,
0x0000020b79309e70, 0x0000020b793226c0, 0x0000020b79505ed0, 0x0000020b7950e940,
0x0000020b7950fb90, 0x0000020b7e950ac0, 0x0000020b7ee9be70, 0x0000020b6e1a13b0
}

Java Threads: ( => current thread )
  0x0000020b791b5650 JavaThread "Reference Handler"          daemon [_thread_blocked, id=25140, stack(0x000000adca000000,0x000000adca100000) (1024K)]
  0x0000020b791ba0b0 JavaThread "Finalizer"                  daemon [_thread_blocked, id=25144, stack(0x000000adca100000,0x000000adca200000) (1024K)]
  0x0000020b791bce70 JavaThread "Signal Dispatcher"          daemon [_thread_blocked, id=25148, stack(0x000000adca200000,0x000000adca300000) (1024K)]
  0x0000020b791bd8c0 JavaThread "Attach Listener"            daemon [_thread_blocked, id=25152, stack(0x000000adca300000,0x000000adca400000) (1024K)]
  0x0000020b791c6320 JavaThread "Service Thread"             daemon [_thread_blocked, id=25156, stack(0x000000adca400000,0x000000adca500000) (1024K)]
  0x0000020b791ca270 JavaThread "Monitor Deflation Thread"   daemon [_thread_blocked, id=25160, stack(0x000000adca500000,0x000000adca600000) (1024K)]
=>0x0000020b791cf010 JavaThread "C2 CompilerThread0"         daemon [_thread_in_native, id=25164, stack(0x000000adca600000,0x000000adca700000) (1024K)]
  0x0000020b791d1b10 JavaThread "C1 CompilerThread0"         daemon [_thread_blocked, id=25168, stack(0x000000adca700000,0x000000adca800000) (1024K)]
  0x0000020b79309e70 JavaThread "Notification Thread"        daemon [_thread_blocked, id=25232, stack(0x000000adca800000,0x000000adca900000) (1024K)]
  0x0000020b793226c0 JavaThread "Common-Cleaner"             daemon [_thread_blocked, id=25236, stack(0x000000adca900000,0x000000adcaa00000) (1024K)]
  0x0000020b79505ed0 JavaThread "Java2D Disposer"            daemon [_thread_blocked, id=25252, stack(0x000000adcaa00000,0x000000adcab00000) (1024K)]
  0x0000020b7950e940 JavaThread "AWT-Shutdown"                      [_thread_blocked, id=25256, stack(0x000000adcab00000,0x000000adcac00000) (1024K)]
  0x0000020b7950fb90 JavaThread "AWT-Windows"                daemon [_thread_in_native, id=25260, stack(0x000000adcac00000,0x000000adcad00000) (1024K)]
  0x0000020b7e950ac0 JavaThread "AWT-EventQueue-0"                  [_thread_in_native, id=25360, stack(0x000000adcae00000,0x000000adcaf00000) (1024K)]
  0x0000020b7ee9be70 JavaThread "TimerQueue"                 daemon [_thread_blocked, id=25364, stack(0x000000adcaf00000,0x000000adcb000000) (1024K)]
  0x0000020b6e1a13b0 JavaThread "DestroyJavaVM"                     [_thread_blocked, id=25108, stack(0x000000adc9800000,0x000000adc9900000) (1024K)]
Total: 16

Other Threads:
  0x0000020b7919c370 VMThread "VM Thread"                           [id=25136, stack(0x000000adc9f00000,0x000000adca000000) (1024K)]
  0x0000020b791887b0 WatcherThread "VM Periodic Task Thread"        [id=25132, stack(0x000000adc9e00000,0x000000adc9f00000) (1024K)]
  0x0000020b7048d450 WorkerThread "GC Thread#0"                     [id=25112, stack(0x000000adc9900000,0x000000adc9a00000) (1024K)]
  0x0000020b7ee90600 WorkerThread "GC Thread#1"                     [id=25284, stack(0x000000adcb000000,0x000000adcb100000) (1024K)]
  0x0000020b7f0280e0 WorkerThread "GC Thread#2"                     [id=25288, stack(0x000000adcb100000,0x000000adcb200000) (1024K)]
  0x0000020b7f028480 WorkerThread "GC Thread#3"                     [id=25292, stack(0x000000adcb200000,0x000000adcb300000) (1024K)]
  0x0000020b7ef4b9c0 WorkerThread "GC Thread#4"                     [id=25296, stack(0x000000adcb300000,0x000000adcb400000) (1024K)]
  0x0000020b7ef4bd60 WorkerThread "GC Thread#5"                     [id=25300, stack(0x000000adcb400000,0x000000adcb500000) (1024K)]
  0x0000020b7ef4c100 WorkerThread "GC Thread#6"                     [id=25304, stack(0x000000adcb500000,0x000000adcb600000) (1024K)]
  0x0000020b7efca660 WorkerThread "GC Thread#7"                     [id=25308, stack(0x000000adcb600000,0x000000adcb700000) (1024K)]
  0x0000020b7049d9f0 ConcurrentGCThread "G1 Main Marker"            [id=25116, stack(0x000000adc9a00000,0x000000adc9b00000) (1024K)]
  0x0000020b7049f370 WorkerThread "G1 Conc#0"                       [id=25120, stack(0x000000adc9b00000,0x000000adc9c00000) (1024K)]
  0x0000020b79052170 ConcurrentGCThread "G1 Refine#0"               [id=25124, stack(0x000000adc9c00000,0x000000adc9d00000) (1024K)]
  0x0000020b79052990 ConcurrentGCThread "G1 Service"                [id=25128, stack(0x000000adc9d00000,0x000000adc9e00000) (1024K)]
Total: 14

Threads with active compile tasks:
C2 CompilerThread0  11172 1615 %     4       sun.java2d.marlin.Renderer::_endRendering @ 808 (2646 bytes)
Total: 1

VM state: not at safepoint (normal execution)

VM Mutex/Monitor currently owned by a thread: None

Heap address: 0x0000000085200000, size: 1966 MB, Compressed Oops mode: 32-bit

CDS archive(s) mapped at: [0x0000020b0f000000-0x0000020b0fc80000-0x0000020b0fc80000), size 13107200, SharedBaseAddress: 0x0000020b0f000000, ArchiveRelocationMode: 1.
Compressed class space mapped at: 0x0000020b10000000-0x0000020b50000000, reserved size: 1073741824
Narrow klass base: 0x0000020b0f000000, Narrow klass shift: 0, Narrow klass range: 0x100000000

GC Precious Log:
 CardTable entry size: 512
 Card Set container configuration: InlinePtr #cards 5 size 8 Array Of Cards #cards 12 size 40 Howl #buckets 4 coarsen threshold 1843 Howl Bitmap #cards 512 size 80 coarsen threshold 460 Card regions per heap region 1 cards per card region 2048
 CPUs: 8 total, 8 available
 Memory: 7863M
 Large Page Support: Disabled
 NUMA Support: Disabled
 Compressed Oops: Enabled (32-bit)
 Heap Region Size: 1M
 Heap Min Capacity: 8M
 Heap Initial Capacity: 124M
 Heap Max Capacity: 1966M
 Pre-touch: Disabled
 Parallel Workers: 8
 Concurrent Workers: 2
 Concurrent Refinement Workers: 8
 Periodic GC: Disabled

Heap:
 garbage-first heap   total 126976K, used 39552K [0x0000000085200000, 0x0000000100000000)
  region size 1024K, 24 young (24576K), 3 survivors (3072K)
 Metaspace       used 12276K, committed 12480K, reserved 1114112K
  class space    used 1374K, committed 1472K, reserved 1048576K

Heap Regions: E=young(eden), S=young(survivor), O=old, HS=humongous(starts), HC=humongous(continues), CS=collection set, F=free, TAMS=top-at-mark-start, PB=parsable bottom
|   0|0x0000000085200000, 0x0000000085300000, 0x0000000085300000|100%|HS|  |TAMS 0x0000000085200000| PB 0x0000000085200000| Complete 
|   1|0x0000000085300000, 0x0000000085400000, 0x0000000085400000|100%|HC|  |TAMS 0x0000000085300000| PB 0x0000000085300000| Complete 
|   2|0x0000000085400000, 0x0000000085500000, 0x0000000085500000|100%|HS|  |TAMS 0x0000000085400000| PB 0x0000000085400000| Complete 
|   3|0x0000000085500000, 0x0000000085600000, 0x0000000085600000|100%|HC|  |TAMS 0x0000000085500000| PB 0x0000000085500000| Complete 
|   4|0x0000000085600000, 0x0000000085700000, 0x0000000085700000|100%|HS|  |TAMS 0x0000000085600000| PB 0x0000000085600000| Complete 
|   5|0x0000000085700000, 0x0000000085800000, 0x0000000085800000|100%|HC|  |TAMS 0x0000000085700000| PB 0x0000000085700000| Complete 
|   6|0x0000000085800000, 0x0000000085900000, 0x0000000085900000|100%|HS|  |TAMS 0x0000000085800000| PB 0x0000000085800000| Complete 
|   7|0x0000000085900000, 0x0000000085a00000, 0x0000000085a00000|100%|HC|  |TAMS 0x0000000085900000| PB 0x0000000085900000| Complete 
|   8|0x0000000085a00000, 0x0000000085b00000, 0x0000000085b00000|100%|HS|  |TAMS 0x0000000085a00000| PB 0x0000000085a00000| Complete 
|   9|0x0000000085b00000, 0x0000000085c00000, 0x0000000085c00000|100%|HC|  |TAMS 0x0000000085b00000| PB 0x0000000085b00000| Complete 
|  10|0x0000000085c00000, 0x0000000085d00000, 0x0000000085d00000|100%|HS|  |TAMS 0x0000000085c00000| PB 0x0000000085c00000| Complete 
|  11|0x0000000085d00000, 0x0000000085e00000, 0x0000000085e00000|100%|HC|  |TAMS 0x0000000085d00000| PB 0x0000000085d00000| Complete 
|  12|0x0000000085e00000, 0x0000000085f00000, 0x0000000085f00000|100%|HC|  |TAMS 0x0000000085e00000| PB 0x0000000085e00000| Complete 
|  13|0x0000000085f00000, 0x0000000086000000, 0x0000000086000000|100%|HC|  |TAMS 0x0000000085f00000| PB 0x0000000085f00000| Complete 
|  14|0x0000000086000000, 0x0000000086100000, 0x0000000086100000|100%|HS|  |TAMS 0x0000000086000000| PB 0x0000000086000000| Complete 
|  15|0x0000000086100000, 0x0000000086200000, 0x0000000086200000|100%|HC|  |TAMS 0x0000000086100000| PB 0x0000000086100000| Complete 
|  16|0x0000000086200000, 0x0000000086200000, 0x0000000086300000|  0%| F|  |TAMS 0x0000000086200000| PB 0x0000000086200000| Untracked 
|  17|0x0000000086300000, 0x0000000086300000, 0x0000000086400000|  0%| F|  |TAMS 0x0000000086300000| PB 0x0000000086300000| Untracked 
|  18|0x0000000086400000, 0x0000000086400000, 0x0000000086500000|  0%| F|  |TAMS 0x0000000086400000| PB 0x0000000086400000| Untracked 
|  19|0x0000000086500000, 0x0000000086500000, 0x0000000086600000|  0%| F|  |TAMS 0x0000000086500000| PB 0x0000000086500000| Untracked 
|  20|0x0000000086600000, 0x0000000086600000, 0x0000000086700000|  0%| F|  |TAMS 0x0000000086600000| PB 0x0000000086600000| Untracked 
|  21|0x0000000086700000, 0x0000000086700000, 0x0000000086800000|  0%| F|  |TAMS 0x0000000086700000| PB 0x0000000086700000| Untracked 
|  22|0x0000000086800000, 0x0000000086800000, 0x0000000086900000|  0%| F|  |TAMS 0x0000000086800000| PB 0x0000000086800000| Untracked 
|  23|0x0000000086900000, 0x0000000086900000, 0x0000000086a00000|  0%| F|  |TAMS 0x0000000086900000| PB 0x0000000086900000| Untracked 
|  24|0x0000000086a00000, 0x0000000086a00000, 0x0000000086b00000|  0%| F|  |TAMS 0x0000000086a00000| PB 0x0000000086a00000| Untracked 
|  25|0x0000000086b00000, 0x0000000086b00000, 0x0000000086c00000|  0%| F|  |TAMS 0x0000000086b00000| PB 0x0000000086b00000| Untracked 
|  26|0x0000000086c00000, 0x0000000086c00000, 0x0000000086d00000|  0%| F|  |TAMS 0x0000000086c00000| PB 0x0000000086c00000| Untracked 
|  27|0x0000000086d00000, 0x0000000086d00000, 0x0000000086e00000|  0%| F|  |TAMS 0x0000000086d00000| PB 0x0000000086d00000| Untracked 
|  28|0x0000000086e00000, 0x0000000086e00000, 0x0000000086f00000|  0%| F|  |TAMS 0x0000000086e00000| PB 0x0000000086e00000| Untracked 
|  29|0x0000000086f00000, 0x0000000086f00000, 0x0000000087000000|  0%| F|  |TAMS 0x0000000086f00000| PB 0x0000000086f00000| Untracked 
|  30|0x0000000087000000, 0x0000000087000000, 0x0000000087100000|  0%| F|  |TAMS 0x0000000087000000| PB 0x0000000087000000| Untracked 
|  31|0x0000000087100000, 0x0000000087100000, 0x0000000087200000|  0%| F|  |TAMS 0x0000000087100000| PB 0x0000000087100000| Untracked 
|  32|0x0000000087200000, 0x0000000087200000, 0x0000000087300000|  0%| F|  |TAMS 0x0000000087200000| PB 0x0000000087200000| Untracked 
|  33|0x0000000087300000, 0x0000000087300000, 0x0000000087400000|  0%| F|  |TAMS 0x0000000087300000| PB 0x0000000087300000| Untracked 
|  34|0x0000000087400000, 0x0000000087400000, 0x0000000087500000|  0%| F|  |TAMS 0x0000000087400000| PB 0x0000000087400000| Untracked 
|  35|0x0000000087500000, 0x0000000087500000, 0x0000000087600000|  0%| F|  |TAMS 0x0000000087500000| PB 0x0000000087500000| Untracked 
|  36|0x0000000087600000, 0x0000000087600000, 0x0000000087700000|  0%| F|  |TAMS 0x0000000087600000| PB 0x0000000087600000| Untracked 
|  37|0x0000000087700000, 0x0000000087700000, 0x0000000087800000|  0%| F|  |TAMS 0x0000000087700000| PB 0x0000000087700000| Untracked 
|  38|0x0000000087800000, 0x0000000087800000, 0x0000000087900000|  0%| F|  |TAMS 0x0000000087800000| PB 0x0000000087800000| Untracked 
|  39|0x0000000087900000, 0x0000000087900000, 0x0000000087a00000|  0%| F|  |TAMS 0x0000000087900000| PB 0x0000000087900000| Untracked 
|  40|0x0000000087a00000, 0x0000000087a00000, 0x0000000087b00000|  0%| F|  |TAMS 0x0000000087a00000| PB 0x0000000087a00000| Untracked 
|  41|0x0000000087b00000, 0x0000000087b00000, 0x0000000087c00000|  0%| F|  |TAMS 0x0000000087b00000| PB 0x0000000087b00000| Untracked 
|  42|0x0000000087c00000, 0x0000000087c00000, 0x0000000087d00000|  0%| F|  |TAMS 0x0000000087c00000| PB 0x0000000087c00000| Untracked 
|  43|0x0000000087d00000, 0x0000000087d00000, 0x0000000087e00000|  0%| F|  |TAMS 0x0000000087d00000| PB 0x0000000087d00000| Untracked 
|  44|0x0000000087e00000, 0x0000000087e00000, 0x0000000087f00000|  0%| F|  |TAMS 0x0000000087e00000| PB 0x0000000087e00000| Untracked 
|  45|0x0000000087f00000, 0x0000000087f00000, 0x0000000088000000|  0%| F|  |TAMS 0x0000000087f00000| PB 0x0000000087f00000| Untracked 
|  46|0x0000000088000000, 0x0000000088000000, 0x0000000088100000|  0%| F|  |TAMS 0x0000000088000000| PB 0x0000000088000000| Untracked 
|  47|0x0000000088100000, 0x0000000088100000, 0x0000000088200000|  0%| F|  |TAMS 0x0000000088100000| PB 0x0000000088100000| Untracked 
|  48|0x0000000088200000, 0x0000000088200000, 0x0000000088300000|  0%| F|  |TAMS 0x0000000088200000| PB 0x0000000088200000| Untracked 
|  49|0x0000000088300000, 0x0000000088300000, 0x0000000088400000|  0%| F|  |TAMS 0x0000000088300000| PB 0x0000000088300000| Untracked 
|  50|0x0000000088400000, 0x0000000088400000, 0x0000000088500000|  0%| F|  |TAMS 0x0000000088400000| PB 0x0000000088400000| Untracked 
|  51|0x0000000088500000, 0x0000000088500000, 0x0000000088600000|  0%| F|  |TAMS 0x0000000088500000| PB 0x0000000088500000| Untracked 
|  52|0x0000000088600000, 0x0000000088600000, 0x0000000088700000|  0%| F|  |TAMS 0x0000000088600000| PB 0x0000000088600000| Untracked 
|  53|0x0000000088700000, 0x0000000088700000, 0x0000000088800000|  0%| F|  |TAMS 0x0000000088700000| PB 0x0000000088700000| Untracked 
|  54|0x0000000088800000, 0x0000000088800000, 0x0000000088900000|  0%| F|  |TAMS 0x0000000088800000| PB 0x0000000088800000| Untracked 
|  55|0x0000000088900000, 0x0000000088900000, 0x0000000088a00000|  0%| F|  |TAMS 0x0000000088900000| PB 0x0000000088900000| Untracked 
|  56|0x0000000088a00000, 0x0000000088a00000, 0x0000000088b00000|  0%| F|  |TAMS 0x0000000088a00000| PB 0x0000000088a00000| Untracked 
|  57|0x0000000088b00000, 0x0000000088b00000, 0x0000000088c00000|  0%| F|  |TAMS 0x0000000088b00000| PB 0x0000000088b00000| Untracked 
|  58|0x0000000088c00000, 0x0000000088c00000, 0x0000000088d00000|  0%| F|  |TAMS 0x0000000088c00000| PB 0x0000000088c00000| Untracked 
|  59|0x0000000088d00000, 0x0000000088d00000, 0x0000000088e00000|  0%| F|  |TAMS 0x0000000088d00000| PB 0x0000000088d00000| Untracked 
|  60|0x0000000088e00000, 0x0000000088e00000, 0x0000000088f00000|  0%| F|  |TAMS 0x0000000088e00000| PB 0x0000000088e00000| Untracked 
|  61|0x0000000088f00000, 0x0000000088f00000, 0x0000000089000000|  0%| F|  |TAMS 0x0000000088f00000| PB 0x0000000088f00000| Untracked 
|  62|0x0000000089000000, 0x0000000089000000, 0x0000000089100000|  0%| F|  |TAMS 0x0000000089000000| PB 0x0000000089000000| Untracked 
|  63|0x0000000089100000, 0x0000000089100000, 0x0000000089200000|  0%| F|  |TAMS 0x0000000089100000| PB 0x0000000089100000| Untracked 
|  64|0x0000000089200000, 0x0000000089200000, 0x0000000089300000|  0%| F|  |TAMS 0x0000000089200000| PB 0x0000000089200000| Untracked 
|  65|0x0000000089300000, 0x0000000089300000, 0x0000000089400000|  0%| F|  |TAMS 0x0000000089300000| PB 0x0000000089300000| Untracked 
|  66|0x0000000089400000, 0x0000000089400000, 0x0000000089500000|  0%| F|  |TAMS 0x0000000089400000| PB 0x0000000089400000| Untracked 
|  67|0x0000000089500000, 0x0000000089500000, 0x0000000089600000|  0%| F|  |TAMS 0x0000000089500000| PB 0x0000000089500000| Untracked 
|  68|0x0000000089600000, 0x0000000089600000, 0x0000000089700000|  0%| F|  |TAMS 0x0000000089600000| PB 0x0000000089600000| Untracked 
|  69|0x0000000089700000, 0x0000000089700000, 0x0000000089800000|  0%| F|  |TAMS 0x0000000089700000| PB 0x0000000089700000| Untracked 
|  70|0x0000000089800000, 0x0000000089800000, 0x0000000089900000|  0%| F|  |TAMS 0x0000000089800000| PB 0x0000000089800000| Untracked 
|  71|0x0000000089900000, 0x0000000089900000, 0x0000000089a00000|  0%| F|  |TAMS 0x0000000089900000| PB 0x0000000089900000| Untracked 
|  72|0x0000000089a00000, 0x0000000089a00000, 0x0000000089b00000|  0%| F|  |TAMS 0x0000000089a00000| PB 0x0000000089a00000| Untracked 
|  73|0x0000000089b00000, 0x0000000089b00000, 0x0000000089c00000|  0%| F|  |TAMS 0x0000000089b00000| PB 0x0000000089b00000| Untracked 
|  74|0x0000000089c00000, 0x0000000089c00000, 0x0000000089d00000|  0%| F|  |TAMS 0x0000000089c00000| PB 0x0000000089c00000| Untracked 
|  75|0x0000000089d00000, 0x0000000089d00000, 0x0000000089e00000|  0%| F|  |TAMS 0x0000000089d00000| PB 0x0000000089d00000| Untracked 
|  76|0x0000000089e00000, 0x0000000089e00000, 0x0000000089f00000|  0%| F|  |TAMS 0x0000000089e00000| PB 0x0000000089e00000| Untracked 
|  77|0x0000000089f00000, 0x0000000089f00000, 0x000000008a000000|  0%| F|  |TAMS 0x0000000089f00000| PB 0x0000000089f00000| Untracked 
|  78|0x000000008a000000, 0x000000008a000000, 0x000000008a100000|  0%| F|  |TAMS 0x000000008a000000| PB 0x000000008a000000| Untracked 
|  79|0x000000008a100000, 0x000000008a100000, 0x000000008a200000|  0%| F|  |TAMS 0x000000008a100000| PB 0x000000008a100000| Untracked 
|  80|0x000000008a200000, 0x000000008a200000, 0x000000008a300000|  0%| F|  |TAMS 0x000000008a200000| PB 0x000000008a200000| Untracked 
|  81|0x000000008a300000, 0x000000008a300000, 0x000000008a400000|  0%| F|  |TAMS 0x000000008a300000| PB 0x000000008a300000| Untracked 
|  82|0x000000008a400000, 0x000000008a400000, 0x000000008a500000|  0%| F|  |TAMS 0x000000008a400000| PB 0x000000008a400000| Untracked 
|  83|0x000000008a500000, 0x000000008a500000, 0x000000008a600000|  0%| F|  |TAMS 0x000000008a500000| PB 0x000000008a500000| Untracked 
|  84|0x000000008a600000, 0x000000008a600000, 0x000000008a700000|  0%| F|  |TAMS 0x000000008a600000| PB 0x000000008a600000| Untracked 
|  85|0x000000008a700000, 0x000000008a700000, 0x000000008a800000|  0%| F|  |TAMS 0x000000008a700000| PB 0x000000008a700000| Untracked 
|  86|0x000000008a800000, 0x000000008a800000, 0x000000008a900000|  0%| F|  |TAMS 0x000000008a800000| PB 0x000000008a800000| Untracked 
|  87|0x000000008a900000, 0x000000008a900000, 0x000000008aa00000|  0%| F|  |TAMS 0x000000008a900000| PB 0x000000008a900000| Untracked 
|  88|0x000000008aa00000, 0x000000008aa00000, 0x000000008ab00000|  0%| F|  |TAMS 0x000000008aa00000| PB 0x000000008aa00000| Untracked 
|  89|0x000000008ab00000, 0x000000008ab00000, 0x000000008ac00000|  0%| F|  |TAMS 0x000000008ab00000| PB 0x000000008ab00000| Untracked 
|  90|0x000000008ac00000, 0x000000008ac00000, 0x000000008ad00000|  0%| F|  |TAMS 0x000000008ac00000| PB 0x000000008ac00000| Untracked 
|  91|0x000000008ad00000, 0x000000008ad00000, 0x000000008ae00000|  0%| F|  |TAMS 0x000000008ad00000| PB 0x000000008ad00000| Untracked 
|  92|0x000000008ae00000, 0x000000008ae00000, 0x000000008af00000|  0%| F|  |TAMS 0x000000008ae00000| PB 0x000000008ae00000| Untracked 
|  93|0x000000008af00000, 0x000000008af00000, 0x000000008b000000|  0%| F|  |TAMS 0x000000008af00000| PB 0x000000008af00000| Untracked 
|  94|0x000000008b000000, 0x000000008b000000, 0x000000008b100000|  0%| F|  |TAMS 0x000000008b000000| PB 0x000000008b000000| Untracked 
|  95|0x000000008b100000, 0x000000008b100000, 0x000000008b200000|  0%| F|  |TAMS 0x000000008b100000| PB 0x000000008b100000| Untracked 
|  96|0x000000008b200000, 0x000000008b200000, 0x000000008b300000|  0%| F|  |TAMS 0x000000008b200000| PB 0x000000008b200000| Untracked 
|  97|0x000000008b300000, 0x000000008b300000, 0x000000008b400000|  0%| F|  |TAMS 0x000000008b300000| PB 0x000000008b300000| Untracked 
|  98|0x000000008b400000, 0x000000008b4a0000, 0x000000008b500000| 62%| S|CS|TAMS 0x000000008b400000| PB 0x000000008b400000| Complete 
|  99|0x000000008b500000, 0x000000008b600000, 0x000000008b600000|100%| S|CS|TAMS 0x000000008b500000| PB 0x000000008b500000| Complete 
| 100|0x000000008b600000, 0x000000008b700000, 0x000000008b700000|100%| S|CS|TAMS 0x000000008b600000| PB 0x000000008b600000| Complete 
| 101|0x000000008b700000, 0x000000008b700000, 0x000000008b800000|  0%| F|  |TAMS 0x000000008b700000| PB 0x000000008b700000| Untracked 
| 102|0x000000008b800000, 0x000000008b800000, 0x000000008b900000|  0%| F|  |TAMS 0x000000008b800000| PB 0x000000008b800000| Untracked 
| 103|0x000000008b900000, 0x000000008b978e78, 0x000000008ba00000| 47%| E|  |TAMS 0x000000008b900000| PB 0x000000008b900000| Complete 
| 104|0x000000008ba00000, 0x000000008bb00000, 0x000000008bb00000|100%| E|CS|TAMS 0x000000008ba00000| PB 0x000000008ba00000| Complete 
| 105|0x000000008bb00000, 0x000000008bc00000, 0x000000008bc00000|100%| E|CS|TAMS 0x000000008bb00000| PB 0x000000008bb00000| Complete 
| 106|0x000000008bc00000, 0x000000008bd00000, 0x000000008bd00000|100%| E|CS|TAMS 0x000000008bc00000| PB 0x000000008bc00000| Complete 
| 107|0x000000008bd00000, 0x000000008be00000, 0x000000008be00000|100%| E|CS|TAMS 0x000000008bd00000| PB 0x000000008bd00000| Complete 
| 108|0x000000008be00000, 0x000000008bf00000, 0x000000008bf00000|100%| E|CS|TAMS 0x000000008be00000| PB 0x000000008be00000| Complete 
| 109|0x000000008bf00000, 0x000000008c000000, 0x000000008c000000|100%| E|CS|TAMS 0x000000008bf00000| PB 0x000000008bf00000| Complete 
| 110|0x000000008c000000, 0x000000008c100000, 0x000000008c100000|100%| E|CS|TAMS 0x000000008c000000| PB 0x000000008c000000| Complete 
| 111|0x000000008c100000, 0x000000008c200000, 0x000000008c200000|100%| E|CS|TAMS 0x000000008c100000| PB 0x000000008c100000| Complete 
| 112|0x000000008c200000, 0x000000008c300000, 0x000000008c300000|100%| E|CS|TAMS 0x000000008c200000| PB 0x000000008c200000| Complete 
| 113|0x000000008c300000, 0x000000008c400000, 0x000000008c400000|100%| E|CS|TAMS 0x000000008c300000| PB 0x000000008c300000| Complete 
| 114|0x000000008c400000, 0x000000008c500000, 0x000000008c500000|100%| E|CS|TAMS 0x000000008c400000| PB 0x000000008c400000| Complete 
| 115|0x000000008c500000, 0x000000008c600000, 0x000000008c600000|100%| E|CS|TAMS 0x000000008c500000| PB 0x000000008c500000| Complete 
| 116|0x000000008c600000, 0x000000008c700000, 0x000000008c700000|100%| E|CS|TAMS 0x000000008c600000| PB 0x000000008c600000| Complete 
| 117|0x000000008c700000, 0x000000008c800000, 0x000000008c800000|100%| E|CS|TAMS 0x000000008c700000| PB 0x000000008c700000| Complete 
| 118|0x000000008c800000, 0x000000008c900000, 0x000000008c900000|100%| E|CS|TAMS 0x000000008c800000| PB 0x000000008c800000| Complete 
| 119|0x000000008c900000, 0x000000008ca00000, 0x000000008ca00000|100%| E|CS|TAMS 0x000000008c900000| PB 0x000000008c900000| Complete 
| 120|0x000000008ca00000, 0x000000008cb00000, 0x000000008cb00000|100%| E|CS|TAMS 0x000000008ca00000| PB 0x000000008ca00000| Complete 
| 121|0x000000008cb00000, 0x000000008cc00000, 0x000000008cc00000|100%| E|CS|TAMS 0x000000008cb00000| PB 0x000000008cb00000| Complete 
| 122|0x000000008cc00000, 0x000000008cd00000, 0x000000008cd00000|100%| E|CS|TAMS 0x000000008cc00000| PB 0x000000008cc00000| Complete 
| 123|0x000000008cd00000, 0x000000008ce00000, 0x000000008ce00000|100%| E|CS|TAMS 0x000000008cd00000| PB 0x000000008cd00000| Complete 

Card table byte_map: [0x0000020b744f0000,0x0000020b748d0000] _byte_map_base: 0x0000020b740c7000

Marking Bits: (CMBitMap*) 0x0000020b7048db50
 Bits: [0x0000020b748d0000, 0x0000020b76788000)

Polling page: 0x0000020b6e2b0000

Metaspace:

Usage:
  Non-class:     10.65 MB used.
      Class:      1.34 MB used.
       Both:     11.99 MB used.

Virtual space:
  Non-class space:       64.00 MB reserved,      10.75 MB ( 17%) committed,  1 nodes.
      Class space:        1.00 GB reserved,       1.44 MB ( <1%) committed,  1 nodes.
             Both:        1.06 GB reserved,      12.19 MB (  1%) committed. 

Chunk freelists:
   Non-Class:  4.95 MB
       Class:  14.53 MB
        Both:  19.48 MB

MaxMetaspaceSize: unlimited
CompressedClassSpaceSize: 1.00 GB
Initial GC threshold: 21.00 MB
Current GC threshold: 21.00 MB
CDS: on
 - commit_granule_bytes: 65536.
 - commit_granule_words: 8192.
 - virtual_space_node_default_size: 8388608.
 - enlarge_chunks_in_place: 1.
 - use_allocation_guard: 0.


Internal statistics:

num_allocs_failed_limit: 0.
num_arena_births: 224.
num_arena_deaths: 0.
num_vsnodes_births: 2.
num_vsnodes_deaths: 0.
num_space_committed: 195.
num_space_uncommitted: 0.
num_chunks_returned_to_freelist: 0.
num_chunks_taken_from_freelist: 356.
num_chunk_merges: 0.
num_chunk_splits: 203.
num_chunks_enlarged: 97.
num_inconsistent_stats: 0.

CodeHeap 'non-profiled nmethods': size=120000Kb used=586Kb max_used=586Kb free=119413Kb
 bounds [0x0000020b07ad0000, 0x0000020b07d40000, 0x0000020b0f000000]
CodeHeap 'profiled nmethods': size=120000Kb used=2936Kb max_used=2936Kb free=117063Kb
 bounds [0x0000020b00000000, 0x0000020b002e0000, 0x0000020b07530000]
CodeHeap 'non-nmethods': size=5760Kb used=1557Kb max_used=1574Kb free=4202Kb
 bounds [0x0000020b07530000, 0x0000020b077a0000, 0x0000020b07ad0000]
CodeCache: size=245760Kb, used=5079Kb, max_used=5096Kb, free=240678Kb
 total_blobs=2358, nmethods=1644, adapters=619, full_count=0
Compilation: enabled, stopped_count=0, restarted_count=0

Compilation events (20 events):
Event: 9.136 Thread 0x0000020b791d1b10 1638       3       java.awt.font.FontRenderContext::equals (127 bytes)
Event: 9.137 Thread 0x0000020b791d1b10 nmethod 1638 0x0000020b002d8790 code [0x0000020b002d8a80, 0x0000020b002d9b68]
Event: 9.137 Thread 0x0000020b791d1b10 1640       3       sun.java2d.SurfaceData::markDirty (8 bytes)
Event: 9.138 Thread 0x0000020b791d1b10 nmethod 1640 0x0000020b002d9f10 code [0x0000020b002da0c0, 0x0000020b002da258]
Event: 9.138 Thread 0x0000020b791d1b10 1639       1       sun.java2d.loops.RenderCache$Entry::getValue (5 bytes)
Event: 9.138 Thread 0x0000020b791d1b10 nmethod 1639 0x0000020b07b62390 code [0x0000020b07b62520, 0x0000020b07b625e8]
Event: 9.138 Thread 0x0000020b791d1b10 1641       3       java.awt.geom.AffineTransform::translate (547 bytes)
Event: 9.139 Thread 0x0000020b791d1b10 nmethod 1641 0x0000020b002da310 code [0x0000020b002da540, 0x0000020b002db178]
Event: 9.139 Thread 0x0000020b791d1b10 1642       3       sun.java2d.SunGraphics2D::translate (68 bytes)
Event: 9.139 Thread 0x0000020b791d1b10 nmethod 1642 0x0000020b002db290 code [0x0000020b002db460, 0x0000020b002db6f0]
Event: 9.139 Thread 0x0000020b791d1b10 1643       3       sun.java2d.marlin.Renderer::closePath (61 bytes)
Event: 9.139 Thread 0x0000020b791d1b10 nmethod 1643 0x0000020b002db810 code [0x0000020b002db9c0, 0x0000020b002dbbe0]
Event: 9.139 Thread 0x0000020b791d1b10 1644       1       java.awt.Font::hasLayoutAttributes (5 bytes)
Event: 9.139 Thread 0x0000020b791d1b10 nmethod 1644 0x0000020b07b62690 code [0x0000020b07b62820, 0x0000020b07b628f0]
Event: 9.140 Thread 0x0000020b791d1b10 1645   !   3       java.awt.Container::dispatchEventImpl (129 bytes)
Event: 9.141 Thread 0x0000020b791d1b10 nmethod 1645 0x0000020b002dbc90 code [0x0000020b002dbee0, 0x0000020b002dc7e8]
Event: 9.141 Thread 0x0000020b791d1b10 1646   !   3       javax.swing.JComponent::putClientProperty (120 bytes)
Event: 9.142 Thread 0x0000020b791d1b10 nmethod 1646 0x0000020b002dcb10 code [0x0000020b002dcd80, 0x0000020b002dd868]
Event: 9.144 Thread 0x0000020b791d1b10 1647       3       java.awt.KeyboardFocusManager::checkKFMSecurity (11 bytes)
Event: 9.145 Thread 0x0000020b791d1b10 nmethod 1647 0x0000020b002ddb90 code [0x0000020b002ddd80, 0x0000020b002de0c0]

GC Heap History (2 events):
Event: 2.603 GC heap before
{Heap before GC invocations=0 (full 0):
 garbage-first heap   total 126976K, used 27648K [0x0000000085200000, 0x0000000100000000)
  region size 1024K, 23 young (23552K), 0 survivors (0K)
 Metaspace       used 9571K, committed 9856K, reserved 1114112K
  class space    used 1039K, committed 1152K, reserved 1048576K
}
Event: 2.608 GC heap after
{Heap after GC invocations=1 (full 0):
 garbage-first heap   total 126976K, used 6784K [0x0000000085200000, 0x0000000100000000)
  region size 1024K, 3 young (3072K), 3 survivors (3072K)
 Metaspace       used 9571K, committed 9856K, reserved 1114112K
  class space    used 1039K, committed 1152K, reserved 1048576K
}

Dll operation events (10 events):
Event: 0.008 Loaded shared library C:\Users\azari\.p2\pool\plugins\org.eclipse.justj.openjdk.hotspot.jre.full.win32.x86_64_21.0.9.v20251105-0741\jre\bin\java.dll
Event: 0.347 Loaded shared library C:\Users\azari\.p2\pool\plugins\org.eclipse.justj.openjdk.hotspot.jre.full.win32.x86_64_21.0.9.v20251105-0741\jre\bin\zip.dll
Event: 0.753 Loaded shared library C:\Users\azari\.p2\pool\plugins\org.eclipse.justj.openjdk.hotspot.jre.full.win32.x86_64_21.0.9.v20251105-0741\jre\bin\net.dll
Event: 0.755 Loaded shared library C:\Users\azari\.p2\pool\plugins\org.eclipse.justj.openjdk.hotspot.jre.full.win32.x86_64_21.0.9.v20251105-0741\jre\bin\nio.dll
Event: 0.870 Loaded shared library C:\Users\azari\.p2\pool\plugins\org.eclipse.justj.openjdk.hotspot.jre.full.win32.x86_64_21.0.9.v20251105-0741\jre\bin\zip.dll
Event: 1.115 Loaded shared library C:\Users\azari\.p2\pool\plugins\org.eclipse.justj.openjdk.hotspot.jre.full.win32.x86_64_21.0.9.v20251105-0741\jre\bin\jimage.dll
Event: 1.122 Loaded shared library C:\Users\azari\.p2\pool\plugins\org.eclipse.justj.openjdk.hotspot.jre.full.win32.x86_64_21.0.9.v20251105-0741\jre\bin\awt.dll
Event: 1.556 Loaded shared library C:\Users\azari\.p2\pool\plugins\org.eclipse.justj.openjdk.hotspot.jre.full.win32.x86_64_21.0.9.v20251105-0741\jre\bin\freetype.dll
Event: 1.557 Loaded shared library C:\Users\azari\.p2\pool\plugins\org.eclipse.justj.openjdk.hotspot.jre.full.win32.x86_64_21.0.9.v20251105-0741\jre\bin\fontmanager.dll
Event: 2.081 Loaded shared library C:\Users\azari\AppData\Local\Temp\flatlaf.temp\flatlaf-windows-x86_64-109021690793000.dll

Deoptimization events (20 events):
Event: 3.102 Thread 0x0000020b6e1a13b0 Uncommon trap: trap_request=0xffffffc6 fr.pc=0x0000020b07b0d440 relative=0x00000000000003c0
Event: 3.102 Thread 0x0000020b6e1a13b0 Uncommon trap: reason=bimorphic_or_optimized_type_check action=maybe_recompile pc=0x0000020b07b0d440 method=java.util.concurrent.ConcurrentHashMap.get(Ljava/lang/Object;)Ljava/lang/Object; @ 149 c2
Event: 3.102 Thread 0x0000020b6e1a13b0 DEOPT PACKING pc=0x0000020b07b0d440 sp=0x000000adc98feae0
Event: 3.102 Thread 0x0000020b6e1a13b0 DEOPT UNPACKING pc=0x0000020b07584422 sp=0x000000adc98fea60 mode 2
Event: 4.205 Thread 0x0000020b7e950ac0 Uncommon trap: trap_request=0xffffffc6 fr.pc=0x0000020b07b0d440 relative=0x00000000000003c0
Event: 4.205 Thread 0x0000020b7e950ac0 Uncommon trap: reason=bimorphic_or_optimized_type_check action=maybe_recompile pc=0x0000020b07b0d440 method=java.util.concurrent.ConcurrentHashMap.get(Ljava/lang/Object;)Ljava/lang/Object; @ 149 c2
Event: 4.205 Thread 0x0000020b7e950ac0 DEOPT PACKING pc=0x0000020b07b0d440 sp=0x000000adcaefd880
Event: 4.205 Thread 0x0000020b7e950ac0 DEOPT UNPACKING pc=0x0000020b07584422 sp=0x000000adcaefd800 mode 2
Event: 4.217 Thread 0x0000020b7e950ac0 DEOPT PACKING pc=0x0000020b0024299f sp=0x000000adcaefda30
Event: 4.217 Thread 0x0000020b7e950ac0 DEOPT UNPACKING pc=0x0000020b07584bc2 sp=0x000000adcaefce80 mode 0
Event: 4.218 Thread 0x0000020b7e950ac0 DEOPT PACKING pc=0x0000020b0024a190 sp=0x000000adcaefd850
Event: 4.218 Thread 0x0000020b7e950ac0 DEOPT UNPACKING pc=0x0000020b07584bc2 sp=0x000000adcaefcc00 mode 0
Event: 5.187 Thread 0x0000020b7e950ac0 Uncommon trap: trap_request=0xffffff45 fr.pc=0x0000020b07b53100 relative=0x00000000000009c0
Event: 5.187 Thread 0x0000020b7e950ac0 Uncommon trap: reason=unstable_if action=reinterpret pc=0x0000020b07b53100 method=sun.java2d.marlin.MarlinCache.copyAARowRLE_WithBlockFlags([I[IIII)V @ 218 c2
Event: 5.187 Thread 0x0000020b7e950ac0 DEOPT PACKING pc=0x0000020b07b53100 sp=0x000000adcaefd8b0
Event: 5.187 Thread 0x0000020b7e950ac0 DEOPT UNPACKING pc=0x0000020b07584422 sp=0x000000adcaefd790 mode 2
Event: 6.717 Thread 0x0000020b7950fb90 Uncommon trap: trap_request=0xffffff45 fr.pc=0x0000020b07b5a740 relative=0x00000000000000a0
Event: 6.717 Thread 0x0000020b7950fb90 Uncommon trap: reason=unstable_if action=reinterpret pc=0x0000020b07b5a740 method=java.awt.Component.inside(II)Z @ 1 c2
Event: 6.717 Thread 0x0000020b7950fb90 DEOPT PACKING pc=0x0000020b07b5a740 sp=0x000000adcacfe1c0
Event: 6.717 Thread 0x0000020b7950fb90 DEOPT UNPACKING pc=0x0000020b07584422 sp=0x000000adcacfe068 mode 2

Classes loaded (20 events):
Event: 4.226 Loading class java/awt/TextComponent done
Event: 4.226 Loading class java/awt/KeyboardFocusManager$3
Event: 4.227 Loading class java/awt/KeyboardFocusManager$3 done
Event: 4.233 Loading class sun/awt/im/CompositionAreaHandler
Event: 4.233 Loading class sun/awt/im/CompositionAreaHandler done
Event: 4.233 Loading class java/text/AttributedString
Event: 4.233 Loading class java/text/AttributedString done
Event: 4.233 Loading class java/text/AttributedString$AttributedStringIterator
Event: 4.233 Loading class java/text/AttributedCharacterIterator
Event: 4.233 Loading class java/text/AttributedCharacterIterator done
Event: 4.233 Loading class java/text/AttributedString$AttributedStringIterator done
Event: 5.185 Loading class javax/swing/TimerQueue$DelayedTimer
Event: 5.185 Loading class java/util/concurrent/Delayed
Event: 5.185 Loading class java/util/concurrent/Delayed done
Event: 5.185 Loading class javax/swing/TimerQueue$DelayedTimer done
Event: 5.351 Loading class java/awt/LightweightDispatcher$2
Event: 5.351 Loading class java/awt/LightweightDispatcher$2 done
Event: 5.721 Loading class javax/swing/Timer$1
Event: 5.721 Loading class javax/swing/Timer$1 done
Event: 9.144 Loading class java/awt/Scrollbar

Classes unloaded (0 events):
No events

Classes redefined (0 events):
No events

Internal exceptions (20 events):
Event: 1.136 Thread 0x0000020b6e1a13b0 Exception <a 'java/io/FileNotFoundException'{0x000000008cb9d530}> (0x000000008cb9d530) 
thrown [s\src\hotspot\share\prims\jni.cpp, line 520]
Event: 1.142 Thread 0x0000020b6e1a13b0 Exception <a 'java/io/FileNotFoundException'{0x000000008cbc7ed8}> (0x000000008cbc7ed8) 
thrown [s\src\hotspot\share\prims\jni.cpp, line 520]
Event: 1.214 Thread 0x0000020b6e1a13b0 Exception <a 'java/lang/NoSuchMethodError'{0x000000008ca9caf0}: 'void java.lang.invoke.DirectMethodHandle$Holder.invokeSpecial(java.lang.Object, java.lang.Object, java.lang.Object)'> (0x000000008ca9caf0) 
thrown [s\src\hotspot\share\interpreter\linkResolver.cpp, line 773]
Event: 1.243 Thread 0x0000020b6e1a13b0 Exception <a 'java/lang/NoSuchMethodError'{0x000000008cac7380}: 'void java.lang.invoke.DirectMethodHandle$Holder.invokeStatic(java.lang.Object, java.lang.Object)'> (0x000000008cac7380) 
thrown [s\src\hotspot\share\interpreter\linkResolver.cpp, line 773]
Event: 1.248 Thread 0x0000020b6e1a13b0 Exception <a 'java/lang/NoSuchMethodError'{0x000000008cae9a68}: 'java.lang.Object java.lang.invoke.DirectMethodHandle$Holder.newInvokeSpecial(java.lang.Object, java.lang.Object, java.lang.Object, java.lang.Object, java.lang.Object)'> (0x000000008cae9a68) 
thrown [s\src\hotspot\share\interpreter\linkResolver.cpp, line 773]
Event: 1.255 Thread 0x0000020b6e1a13b0 Exception <a 'java/lang/NoSuchMethodError'{0x000000008c92a800}: 'java.lang.Object java.lang.invoke.DirectMethodHandle$Holder.invokeStatic(java.lang.Object, int, java.lang.Object)'> (0x000000008c92a800) 
thrown [s\src\hotspot\share\interpreter\linkResolver.cpp, line 773]
Event: 1.291 Thread 0x0000020b6e1a13b0 Exception <a 'java/lang/ClassNotFoundException'{0x000000008c96a7d0}: com/sun/swing/internal/plaf/basic/resources/spi/basicProvider> (0x000000008c96a7d0) 
thrown [s\src\hotspot\share\classfile\systemDictionary.cpp, line 312]
Event: 1.310 Thread 0x0000020b6e1a13b0 Exception <a 'java/lang/NoSuchMethodError'{0x000000008c98b4f8}: 'int java.lang.invoke.DirectMethodHandle$Holder.invokeStatic(java.lang.Object)'> (0x000000008c98b4f8) 
thrown [s\src\hotspot\share\interpreter\linkResolver.cpp, line 773]
Event: 1.980 Thread 0x0000020b6e1a13b0 Exception <a 'java/lang/NoSuchMethodError'{0x000000008c7ade70}: 'java.lang.Object java.lang.invoke.Invokers$Holder.invokeExact_MT(java.lang.Object, java.lang.Object, java.lang.Object, java.lang.Object, java.lang.Object, java.lang.Object)'> (0x000000008c7ade70) 
thrown [s\src\hotspot\share\interpreter\linkResolver.cpp, line 773]
Event: 2.026 Thread 0x0000020b6e1a13b0 Exception <a 'java/lang/NoSuchMethodError'{0x000000008c63da80}: 'int java.lang.invoke.Invokers$Holder.invokeExact_MT(java.lang.Object, java.lang.Object)'> (0x000000008c63da80) 
thrown [s\src\hotspot\share\interpreter\linkResolver.cpp, line 773]
Event: 2.035 Thread 0x0000020b6e1a13b0 Exception <a 'sun/nio/fs/WindowsException'{0x000000008c660600}> (0x000000008c660600) 
thrown [s\src\hotspot\share\prims\jni.cpp, line 520]
Event: 2.175 Thread 0x0000020b7ed80ac0 Exception <a 'java/lang/NoSuchMethodError'{0x000000008c6fd510}: 'java.lang.Object java.lang.invoke.DirectMethodHandle$Holder.newInvokeSpecial(java.lang.Object, java.lang.Object, java.lang.Object, int, int, int, int, int)'> (0x000000008c6fd510) 
thrown [s\src\hotspot\share\interpreter\linkResolver.cpp, line 773]
Event: 2.224 Thread 0x0000020b6e1a13b0 Exception <a 'java/lang/NoSuchMethodError'{0x000000008c58cd38}: 'java.lang.Object java.lang.invoke.DirectMethodHandle$Holder.invokeVirtual(java.lang.Object, java.lang.Object, java.lang.Object, java.lang.Object)'> (0x000000008c58cd38) 
thrown [s\src\hotspot\share\interpreter\linkResolver.cpp, line 773]
Event: 2.361 Thread 0x0000020b6e1a13b0 Exception <a 'java/lang/NoSuchMethodError'{0x000000008c4398e8}: 'java.lang.Object java.lang.invoke.DirectMethodHandle$Holder.invokeStaticInit(java.lang.Object, int, int, int, int)'> (0x000000008c4398e8) 
thrown [s\src\hotspot\share\interpreter\linkResolver.cpp, line 773]
Event: 2.377 Thread 0x0000020b6e1a13b0 Exception <a 'java/lang/NoSuchMethodError'{0x000000008c458640}: 'java.lang.Object java.lang.invoke.DirectMethodHandle$Holder.invokeStaticInit(java.lang.Object, java.lang.Object, int, int, int, int)'> (0x000000008c458640) 
thrown [s\src\hotspot\share\interpreter\linkResolver.cpp, line 773]
Event: 2.912 Thread 0x0000020b6e1a13b0 Exception <a 'java/lang/NoSuchMethodError'{0x000000008bd37be0}: 'void java.lang.invoke.DirectMethodHandle$Holder.invokeStaticInit(java.lang.Object)'> (0x000000008bd37be0) 
thrown [s\src\hotspot\share\interpreter\linkResolver.cpp, line 773]
Event: 3.007 Thread 0x0000020b7950fb90 Exception <a 'java/lang/NoSuchMethodError'{0x000000008bdb3f30}: 'void java.lang.invoke.DirectMethodHandle$Holder.invokeVirtual(java.lang.Object, java.lang.Object)'> (0x000000008bdb3f30) 
thrown [s\src\hotspot\share\interpreter\linkResolver.cpp, line 773]
Event: 3.073 Thread 0x0000020b6e1a13b0 Exception <a 'java/io/FileNotFoundException'{0x000000008bba07f8}> (0x000000008bba07f8) 
thrown [s\src\hotspot\share\prims\jni.cpp, line 520]
Event: 3.087 Thread 0x0000020b6e1a13b0 Exception <a 'java/io/FileNotFoundException'{0x000000008bbc8b00}> (0x000000008bbc8b00) 
thrown [s\src\hotspot\share\prims\jni.cpp, line 520]
Event: 4.210 Thread 0x0000020b7e950ac0 Exception <a 'java/lang/NoSuchMethodError'{0x000000008bab1808}: 'int java.lang.invoke.DirectMethodHandle$Holder.invokeSpecial(java.lang.Object, java.lang.Object, java.lang.Object)'> (0x000000008bab1808) 
thrown [s\src\hotspot\share\interpreter\linkResolver.cpp, line 773]

ZGC Phase Switch (0 events):
No events

VM Operations (20 events):
Event: 1.584 Executing VM operation: Cleanup done
Event: 1.977 Executing VM operation: HandshakeAllThreads (Deoptimize)
Event: 1.977 Executing VM operation: HandshakeAllThreads (Deoptimize) done
Event: 2.215 Executing VM operation: HandshakeAllThreads (Deoptimize)
Event: 2.215 Executing VM operation: HandshakeAllThreads (Deoptimize) done
Event: 2.341 Executing VM operation: HandshakeAllThreads (Deoptimize)
Event: 2.341 Executing VM operation: HandshakeAllThreads (Deoptimize) done
Event: 2.603 Executing VM operation: G1CollectForAllocation (G1 Evacuation Pause)
Event: 2.608 Executing VM operation: G1CollectForAllocation (G1 Evacuation Pause) done
Event: 3.609 Executing VM operation: Cleanup
Event: 3.609 Executing VM operation: Cleanup done
Event: 4.211 Executing VM operation: HandshakeAllThreads (Deoptimize)
Event: 4.211 Executing VM operation: HandshakeAllThreads (Deoptimize) done
Event: 5.211 Executing VM operation: Cleanup
Event: 5.211 Executing VM operation: Cleanup done
Event: 6.211 Executing VM operation: Cleanup
Event: 6.211 Executing VM operation: Cleanup done
Event: 7.212 Executing VM operation: Cleanup
Event: 8.121 Executing VM operation: Cleanup done
Event: 10.122 Executing VM operation: Cleanup

Memory protections (0 events):
No events

Nmethod flushes (0 events):
No events

Events (20 events):
Event: 0.349 Thread 0x0000020b6e1a13b0 Thread added: 0x0000020b791bd8c0
Event: 0.349 Thread 0x0000020b6e1a13b0 Thread added: 0x0000020b791c6320
Event: 0.349 Thread 0x0000020b6e1a13b0 Thread added: 0x0000020b791ca270
Event: 0.350 Thread 0x0000020b6e1a13b0 Thread added: 0x0000020b791cf010
Event: 0.350 Thread 0x0000020b6e1a13b0 Thread added: 0x0000020b791d1b10
Event: 0.619 Thread 0x0000020b6e1a13b0 Thread added: 0x0000020b79309e70
Event: 0.621 Thread 0x0000020b6e1a13b0 Thread added: 0x0000020b793226c0
Event: 1.177 Thread 0x0000020b6e1a13b0 Thread added: 0x0000020b79505ed0
Event: 1.178 Thread 0x0000020b6e1a13b0 Thread added: 0x0000020b7950e940
Event: 1.179 Thread 0x0000020b6e1a13b0 Thread added: 0x0000020b7950fb90
Event: 2.150 Thread 0x0000020b6e1a13b0 Thread added: 0x0000020b7ed80ac0
Event: 2.470 Thread 0x0000020b791d1b10 Thread added: 0x0000020b791d21e0
Event: 2.473 Thread 0x0000020b791d1b10 Thread added: 0x0000020b791d28b0
Event: 2.822 Thread 0x0000020b791d28b0 Thread exited: 0x0000020b791d28b0
Event: 2.822 Thread 0x0000020b791d21e0 Thread exited: 0x0000020b791d21e0
Event: 2.892 Thread 0x0000020b6e1a13b0 Thread added: 0x0000020b7e950ac0
Event: 2.898 Thread 0x0000020b6e1a13b0 Thread added: 0x0000020b7ee9be70
Event: 4.145 Thread 0x0000020b6e1a13b0 Thread exited: 0x0000020b6e1a13b0
Event: 4.145 Thread 0x0000020b6e1a13b0 Thread added: 0x0000020b6e1a13b0
Event: 8.124 Thread 0x0000020b7ed80ac0 Thread exited: 0x0000020b7ed80ac0


Dynamic libraries:
0x00007ff684520000 - 0x00007ff68452e000 	C:\Users\azari\.p2\pool\plugins\org.eclipse.justj.openjdk.hotspot.jre.full.win32.x86_64_21.0.9.v20251105-0741\jre\bin\javaw.exe
0x00007ffe02c60000 - 0x00007ffe02ec7000 	C:\WINDOWS\SYSTEM32\ntdll.dll
0x00007ffe015e0000 - 0x00007ffe016a9000 	C:\WINDOWS\System32\KERNEL32.DLL
0x00007ffdffca0000 - 0x00007ffe00094000 	C:\WINDOWS\System32\KERNELBASE.dll
0x00007ffdffb50000 - 0x00007ffdffc9b000 	C:\WINDOWS\System32\ucrtbase.dll
0x00007ffdfc800000 - 0x00007ffdfc81e000 	C:\Users\azari\.p2\pool\plugins\org.eclipse.justj.openjdk.hotspot.jre.full.win32.x86_64_21.0.9.v20251105-0741\jre\bin\VCRUNTIME140.dll
0x00007ffdfc820000 - 0x00007ffdfc838000 	C:\Users\azari\.p2\pool\plugins\org.eclipse.justj.openjdk.hotspot.jre.full.win32.x86_64_21.0.9.v20251105-0741\jre\bin\jli.dll
0x00007ffe022c0000 - 0x00007ffe02485000 	C:\WINDOWS\System32\USER32.dll
0x00007ffe009c0000 - 0x00007ffe009e7000 	C:\WINDOWS\System32\win32u.dll
0x00007ffdda600000 - 0x00007ffdda893000 	C:\WINDOWS\WinSxS\amd64_microsoft.windows.common-controls_6595b64144ccf1df_6.0.26100.8115_none_3e075c82e3354f9c\COMCTL32.dll
0x00007ffe01200000 - 0x00007ffe0122b000 	C:\WINDOWS\System32\GDI32.dll
0x00007ffdff680000 - 0x00007ffdff7ab000 	C:\WINDOWS\System32\gdi32full.dll
0x00007ffe00dc0000 - 0x00007ffe00e69000 	C:\WINDOWS\System32\msvcrt.dll
0x00007ffe000a0000 - 0x00007ffe00143000 	C:\WINDOWS\System32\msvcp_win.dll
0x00007ffe02280000 - 0x00007ffe022b2000 	C:\WINDOWS\System32\IMM32.DLL
0x00007ffdfc7f0000 - 0x00007ffdfc7fc000 	C:\Users\azari\.p2\pool\plugins\org.eclipse.justj.openjdk.hotspot.jre.full.win32.x86_64_21.0.9.v20251105-0741\jre\bin\vcruntime140_1.dll
0x00007ffd85430000 - 0x00007ffd854bd000 	C:\Users\azari\.p2\pool\plugins\org.eclipse.justj.openjdk.hotspot.jre.full.win32.x86_64_21.0.9.v20251105-0741\jre\bin\msvcp140.dll
0x00007ffd7c410000 - 0x00007ffd7d1b0000 	C:\Users\azari\.p2\pool\plugins\org.eclipse.justj.openjdk.hotspot.jre.full.win32.x86_64_21.0.9.v20251105-0741\jre\bin\server\jvm.dll
0x00007ffe01140000 - 0x00007ffe011f6000 	C:\WINDOWS\System32\ADVAPI32.dll
0x00007ffe01b50000 - 0x00007ffe01bf7000 	C:\WINDOWS\System32\sechost.dll
0x00007ffe01020000 - 0x00007ffe01138000 	C:\WINDOWS\System32\RPCRT4.dll
0x00007ffe02000000 - 0x00007ffe02080000 	C:\WINDOWS\System32\WS2_32.dll
0x00007ffdff3b0000 - 0x00007ffdff40e000 	C:\WINDOWS\SYSTEM32\POWRPROF.dll
0x00007ffdf7bf0000 - 0x00007ffdf7c26000 	C:\WINDOWS\SYSTEM32\WINMM.dll
0x00007ffdeb410000 - 0x00007ffdeb41b000 	C:\WINDOWS\SYSTEM32\VERSION.dll
0x00007ffdff390000 - 0x00007ffdff3a4000 	C:\WINDOWS\SYSTEM32\UMPDC.dll
0x00007ffdfe2c0000 - 0x00007ffdfe2db000 	C:\WINDOWS\SYSTEM32\kernel.appcore.dll
0x00007ffdfc750000 - 0x00007ffdfc75a000 	C:\Users\azari\.p2\pool\plugins\org.eclipse.justj.openjdk.hotspot.jre.full.win32.x86_64_21.0.9.v20251105-0741\jre\bin\jimage.dll
0x00007ffdfd450000 - 0x00007ffdfd692000 	C:\WINDOWS\SYSTEM32\DBGHELP.DLL
0x00007ffe01c70000 - 0x00007ffe01ff2000 	C:\WINDOWS\System32\combase.dll
0x00007ffe00ce0000 - 0x00007ffe00db8000 	C:\WINDOWS\System32\OLEAUT32.dll
0x00007ffdd8a20000 - 0x00007ffdd8a5b000 	C:\WINDOWS\SYSTEM32\dbgcore.DLL
0x00007ffdff930000 - 0x00007ffdff9d5000 	C:\WINDOWS\System32\bcryptPrimitives.dll
0x00007ffdf7b20000 - 0x00007ffdf7b40000 	C:\Users\azari\.p2\pool\plugins\org.eclipse.justj.openjdk.hotspot.jre.full.win32.x86_64_21.0.9.v20251105-0741\jre\bin\java.dll
0x00007ffe024b0000 - 0x00007ffe02c17000 	C:\WINDOWS\System32\SHELL32.dll
0x00007ffdff9e0000 - 0x00007ffdffb4a000 	C:\WINDOWS\System32\wintypes.dll
0x00007ffe00150000 - 0x00007ffe009b8000 	C:\WINDOWS\System32\windows.storage.dll
0x00007ffe00ed0000 - 0x00007ffe00fc8000 	C:\WINDOWS\System32\SHCORE.dll
0x00007ffe01c00000 - 0x00007ffe01c66000 	C:\WINDOWS\System32\shlwapi.dll
0x00007ffdff450000 - 0x00007ffdff479000 	C:\WINDOWS\SYSTEM32\profapi.dll
0x00007ffdf7ae0000 - 0x00007ffdf7af8000 	C:\Users\azari\.p2\pool\plugins\org.eclipse.justj.openjdk.hotspot.jre.full.win32.x86_64_21.0.9.v20251105-0741\jre\bin\zip.dll
0x00007ffdfc6e0000 - 0x00007ffdfc6f0000 	C:\Users\azari\.p2\pool\plugins\org.eclipse.justj.openjdk.hotspot.jre.full.win32.x86_64_21.0.9.v20251105-0741\jre\bin\net.dll
0x00007ffdef190000 - 0x00007ffdef2bd000 	C:\WINDOWS\SYSTEM32\WINHTTP.dll
0x00007ffdfe830000 - 0x00007ffdfe89c000 	C:\WINDOWS\system32\mswsock.dll
0x00007ffdecab0000 - 0x00007ffdecac6000 	C:\Users\azari\.p2\pool\plugins\org.eclipse.justj.openjdk.hotspot.jre.full.win32.x86_64_21.0.9.v20251105-0741\jre\bin\nio.dll
0x00007ffdc8630000 - 0x00007ffdc87bf000 	C:\Users\azari\.p2\pool\plugins\org.eclipse.justj.openjdk.hotspot.jre.full.win32.x86_64_21.0.9.v20251105-0741\jre\bin\awt.dll
0x00007ffdfc8b0000 - 0x00007ffdfc94f000 	C:\WINDOWS\SYSTEM32\apphelp.dll
0x00007ffdfc9b0000 - 0x00007ffdfca59000 	C:\WINDOWS\system32\uxtheme.dll
0x00007ffe01230000 - 0x00007ffe0138c000 	C:\WINDOWS\System32\MSCTF.dll
0x00007ffe01440000 - 0x00007ffe015d7000 	C:\WINDOWS\System32\ole32.dll
0x00007ffdfcc60000 - 0x00007ffdfcc8f000 	C:\WINDOWS\system32\DWMAPI.DLL
0x00007ffdcc440000 - 0x00007ffdcc4c7000 	C:\Users\azari\.p2\pool\plugins\org.eclipse.justj.openjdk.hotspot.jre.full.win32.x86_64_21.0.9.v20251105-0741\jre\bin\freetype.dll
0x00007ffdcc340000 - 0x00007ffdcc432000 	C:\Users\azari\.p2\pool\plugins\org.eclipse.justj.openjdk.hotspot.jre.full.win32.x86_64_21.0.9.v20251105-0741\jre\bin\fontmanager.dll
0x00007ffd85190000 - 0x00007ffd8529f000 	C:\WINDOWS\system32\opengl32.dll
0x00007ffdd5f40000 - 0x00007ffdd5f6d000 	C:\WINDOWS\SYSTEM32\GLU32.dll
0x00007ffdfcaa0000 - 0x00007ffdfcae3000 	C:\WINDOWS\SYSTEM32\dxcore.dll
0x00007ffd86760000 - 0x00007ffd86766000 	C:\Users\azari\AppData\Local\Temp\flatlaf.temp\flatlaf-windows-x86_64-109021690793000.dll
0x00007ffdfeb10000 - 0x00007ffdfeb2b000 	C:\WINDOWS\SYSTEM32\CRYPTSP.dll
0x00007ffdfe220000 - 0x00007ffdfe259000 	C:\WINDOWS\system32\rsaenh.dll
0x00007ffdfe8e0000 - 0x00007ffdfe913000 	C:\WINDOWS\SYSTEM32\USERENV.dll
0x00007ffdff420000 - 0x00007ffdff44a000 	C:\WINDOWS\SYSTEM32\bcrypt.dll
0x00007ffdfeb30000 - 0x00007ffdfeb3c000 	C:\WINDOWS\SYSTEM32\CRYPTBASE.dll
0x00007ffdfdc70000 - 0x00007ffdfdca2000 	C:\WINDOWS\SYSTEM32\IPHLPAPI.DLL
0x00007ffe00b10000 - 0x00007ffe00b1a000 	C:\WINDOWS\System32\NSI.dll
0x00007ffe00c20000 - 0x00007ffe00cce000 	C:\WINDOWS\System32\clbcatq.dll
0x00007ffdfafd0000 - 0x00007ffdfb1fe000 	C:\WINDOWS\SYSTEM32\WindowsCodecs.dll
0x00007ffdc7a00000 - 0x00007ffdc7a5a000 	C:\WINDOWS\system32\dataexchange.dll
0x00007ffded6d0000 - 0x00007ffded91d000 	C:\WINDOWS\system32\twinapi.appcore.dll
0x00007ffdf7ac0000 - 0x00007ffdf7ac7000 	C:\Users\azari\.p2\pool\plugins\org.eclipse.justj.openjdk.hotspot.jre.full.win32.x86_64_21.0.9.v20251105-0741\jre\bin\jawt.dll
0x00007ffdd6dc0000 - 0x00007ffdd6f08000 	C:\WINDOWS\SYSTEM32\textinputframework.dll
0x00007ffdbb360000 - 0x00007ffdbb3d6000 	C:\WINDOWS\system32\Oleacc.dll
0x00007ffdfc020000 - 0x00007ffdfc147000 	C:\WINDOWS\SYSTEM32\CoreMessaging.dll
0x00007ffdf6cb0000 - 0x00007ffdf6f92000 	C:\WINDOWS\SYSTEM32\CoreUIComponents.dll

JVMTI agents: none

dbghelp: loaded successfully - version: 4.0.5 - missing functions: none
symbol engine: initialized successfully - sym options: 0x614 - pdb path: .;C:\Users\azari\.p2\pool\plugins\org.eclipse.justj.openjdk.hotspot.jre.full.win32.x86_64_21.0.9.v20251105-0741\jre\bin;C:\WINDOWS\SYSTEM32;C:\WINDOWS\WinSxS\amd64_microsoft.windows.common-controls_6595b64144ccf1df_6.0.26100.8115_none_3e075c82e3354f9c;C:\Users\azari\.p2\pool\plugins\org.eclipse.justj.openjdk.hotspot.jre.full.win32.x86_64_21.0.9.v20251105-0741\jre\bin\server;C:\Users\azari\AppData\Local\Temp\flatlaf.temp

VM Arguments:
jvm_args: -Dfile.encoding=UTF-8 -Dstdout.encoding=UTF-8 -Dstderr.encoding=UTF-8 -XX:+ShowCodeDetailsInExceptionMessages 
java_command: main.Main
java_class_path (initial): F:\Eclipse (Java)\eclipse-workspace\Programacion-III-2026-PRUEBA\bin;F:\Eclipse (Java)\eclipse-workspace\Programacion-III-2026-PRUEBA\src\lib\flatlaf-3.4.jar
Launcher Type: SUN_STANDARD

[Global flags]
     intx CICompilerCount                          = 4                                         {product} {ergonomic}
     uint ConcGCThreads                            = 2                                         {product} {ergonomic}
     uint G1ConcRefinementThreads                  = 8                                         {product} {ergonomic}
   size_t G1HeapRegionSize                         = 1048576                                   {product} {ergonomic}
    uintx GCDrainStackTargetSize                   = 64                                        {product} {ergonomic}
   size_t InitialHeapSize                          = 130023424                                 {product} {ergonomic}
   size_t MarkStackSize                            = 4194304                                   {product} {ergonomic}
   size_t MaxHeapSize                              = 2061500416                                {product} {ergonomic}
   size_t MaxNewSize                               = 1236271104                                {product} {ergonomic}
   size_t MinHeapDeltaBytes                        = 1048576                                   {product} {ergonomic}
   size_t MinHeapSize                              = 8388608                                   {product} {ergonomic}
    uintx NonNMethodCodeHeapSize                   = 5839372                                {pd product} {ergonomic}
    uintx NonProfiledCodeHeapSize                  = 122909434                              {pd product} {ergonomic}
    uintx ProfiledCodeHeapSize                     = 122909434                              {pd product} {ergonomic}
    uintx ReservedCodeCacheSize                    = 251658240                              {pd product} {ergonomic}
     bool SegmentedCodeCache                       = true                                      {product} {ergonomic}
     bool ShowCodeDetailsInExceptionMessages       = true                                   {manageable} {command line}
   size_t SoftMaxHeapSize                          = 2061500416                             {manageable} {ergonomic}
     bool UseCompressedOops                        = true                           {product lp64_product} {ergonomic}
     bool UseG1GC                                  = true                                      {product} {ergonomic}
     bool UseLargePagesIndividualAllocation        = false                                  {pd product} {ergonomic}

Logging:
Log output configuration:
 #0: stdout all=warning uptime,level,tags foldmultilines=false
 #1: stderr all=off uptime,level,tags foldmultilines=false

Release file:
JAVA_VERSION="21.0.9" 
MODULES="java.base java.compiler java.datatransfer java.xml java.prefs java.desktop java.instrument java.logging java.management java.security.sasl java.naming java.rmi java.management.rmi java.net.http java.scripting java.security.jgss java.transaction.xa java.sql java.sql.rowset java.xml.crypto java.se java.smartcardio jdk.accessibility jdk.internal.jvmstat jdk.attach jdk.charsets jdk.internal.opt jdk.zipfs jdk.compiler jdk.crypto.ec jdk.crypto.cryptoki jdk.crypto.mscapi jdk.dynalink jdk.internal.ed jdk.editpad jdk.hotspot.agent jdk.httpserver jdk.internal.le jdk.internal.vm.ci jdk.internal.vm.compiler jdk.internal.vm.compiler.management jdk.jartool jdk.javadoc jdk.jcmd jdk.management jdk.management.agent jdk.jconsole jdk.jdeps jdk.jdwp.agent jdk.jdi jdk.jfr jdk.jshell jdk.jsobject jdk.jstatd jdk.localedata jdk.management.jfr jdk.naming.dns jdk.naming.rmi jdk.net jdk.nio.mapmode jdk.random jdk.sctp jdk.security.auth jdk.security.jgss jdk.unsupported jdk.unsupported.desktop jdk.xml.dom" 

Environment Variables:
JAVA_HOME=C:\Program Files\Java\jdk-26
PATH=C:/Users/azari/.p2/pool/plugins/org.eclipse.justj.openjdk.hotspot.jre.full.win32.x86_64_21.0.9.v20251105-0741/jre/bin/server;C:/Users/azari/.p2/pool/plugins/org.eclipse.justj.openjdk.hotspot.jre.full.win32.x86_64_21.0.9.v20251105-0741/jre/bin;C:\Program Files\Common Files\Oracle\Java\javapath;C:\Program Files (x86)\Common Files\Oracle\Java\java8path;C:\Program Files (x86)\Common Files\Oracle\Java\javapath;C:\WINDOWS\system32;C:\WINDOWS;C:\WINDOWS\System32\Wbem;C:\WINDOWS\System32\WindowsPowerShell\v1.0\;C:\WINDOWS\System32\OpenSSH\;C:\Program Files\dotnet\;C:\Program Files\Git\cmd;C:\Users\azari\AppData\Local\Microsoft\WindowsApps;C:\Users\azari\.dotnet\tools;C:\Users\azari\AppData\Local\Microsoft\WindowsApps;C:\Users\azari\.dotnet\tools;;C:\WINDOWS\system32;
USERNAME=azari
OS=Windows_NT
PROCESSOR_IDENTIFIER=Intel64 Family 6 Model 154 Stepping 4, GenuineIntel
TMP=C:\Users\azari\AppData\Local\Temp
TEMP=C:\Users\azari\AppData\Local\Temp




Periodic native trim disabled

---------------  S Y S T E M  ---------------

OS:
 Windows 11 , 64 bit Build 26100 (10.0.26100.8246)
OS uptime: 0 days 3:01 hours
Hyper-V role detected

CPU: total 8 (initial active 8) (4 cores per cpu, 2 threads per core) family 6 model 154 stepping 4 microcode 0x432, cx8, cmov, fxsr, ht, mmx, 3dnowpref, sse, sse2, sse3, ssse3, sse4.1, sse4.2, popcnt, lzcnt, tsc, tscinvbit, avx, avx2, aes, erms, clmul, bmi1, bmi2, adx, sha, fma, vzeroupper, clflush, clflushopt, clwb, hv, serialize, rdtscp, rdpid, fsrm, f16c, cet_ibt, cet_ss
Processor Information for processor 0
  Max Mhz: 1200, Current Mhz: 1200, Mhz Limit: 1200
Processor Information for processor 1
  Max Mhz: 1200, Current Mhz: 1200, Mhz Limit: 1200
Processor Information for processor 2
  Max Mhz: 1200, Current Mhz: 1200, Mhz Limit: 1200
Processor Information for processor 3
  Max Mhz: 1200, Current Mhz: 1200, Mhz Limit: 1200
Processor Information for processor 4
  Max Mhz: 1200, Current Mhz: 900, Mhz Limit: 900
Processor Information for processor 5
  Max Mhz: 1200, Current Mhz: 900, Mhz Limit: 900
Processor Information for processor 6
  Max Mhz: 1200, Current Mhz: 900, Mhz Limit: 900
Processor Information for processor 7
  Max Mhz: 1200, Current Mhz: 900, Mhz Limit: 900

Memory: 4k page, system-wide physical 7863M (870M free)
TotalPageFile size 22969M (AvailPageFile size 0M)
current process WorkingSet (physical memory assigned to process): 118M, peak: 120M
current process commit charge ("private bytes"): 231M, peak: 233M

vm_info: OpenJDK 64-Bit Server VM (21.0.9+10-LTS) for windows-amd64 JRE (21.0.9+10-LTS), built on 2025-10-21T00:00:00Z by "admin" with unknown MS VC++:1942

END.
